InnoDB: using atomic writes.
2019-11-21  2:38:11 0 [Note] InnoDB: Mutexes and rw_locks use Windows interlocked functions
2019-11-21  2:38:11 0 [Note] InnoDB: Uses event mutexes
2019-11-21  2:38:11 0 [Note] InnoDB: Compressed tables use zlib 1.2.11
2019-11-21  2:38:11 0 [Note] InnoDB: Number of pools: 1
2019-11-21  2:38:11 0 [Note] InnoDB: Using SSE2 crc32 instructions
2019-11-21  2:38:11 0 [Note] InnoDB: Initializing buffer pool, total size = 16M, instances = 1, chunk size = 16M
2019-11-21  2:38:11 0 [Note] InnoDB: Completed initialization of buffer pool
2019-11-21  2:38:11 0 [Note] InnoDB: Starting crash recovery from checkpoint LSN=300288
2019-11-21  2:38:12 0 [Note] InnoDB: 128 out of 128 rollback segments are active.
2019-11-21  2:38:12 0 [Note] InnoDB: Removed temporary tablespace data file: "ibtmp1"
2019-11-21  2:38:12 0 [Note] InnoDB: Creating shared tablespace for temporary tables
2019-11-21  2:38:12 0 [Note] InnoDB: Setting file 'C:\xampp\mysql\data\ibtmp1' size to 12 MB. Physically writing the file full; Please wait ...
2019-11-21  2:38:12 0 [Note] InnoDB: File 'C:\xampp\mysql\data\ibtmp1' size is now 12 MB.
2019-11-21  2:38:12 0 [Note] InnoDB: Waiting for purge to start
2019-11-21  2:38:12 0 [Note] InnoDB: 10.4.8 started; log sequence number 300297; transaction id 171
2019-11-21  2:38:12 0 [Note] InnoDB: Loading buffer pool(s) from C:\xampp\mysql\data\ib_buffer_pool
2019-11-21  2:38:12 0 [Note] Plugin 'FEEDBACK' is disabled.
2019-11-21  2:38:12 0 [Note] Server socket created on IP: '::'.
2019-11-21  2:38:12 0 [Note] InnoDB: Buffer pool(s) load completed at 191121  2:38:12
InnoDB: using atomic writes.
2019-11-26  7:45:55 0 [Note] InnoDB: Mutexes and rw_locks use Windows interlocked functions
2019-11-26  7:45:55 0 [Note] InnoDB: Uses event mutexes
2019-11-26  7:45:55 0 [Note] InnoDB: Compressed tables use zlib 1.2.11
2019-11-26  7:45:55 0 [Note] InnoDB: Number of pools: 1
2019-11-26  7:45:55 0 [Note] InnoDB: Using SSE2 crc32 instructions
2019-11-26  7:45:55 0 [Note] InnoDB: Initializing buffer pool, total size = 16M, instances = 1, chunk size = 16M
2019-11-26  7:45:55 0 [Note] InnoDB: Completed initialization of buffer pool
2019-11-26  7:45:55 0 [Note] InnoDB: Starting crash recovery from checkpoint LSN=300306
2019-11-26  7:45:56 0 [Note] InnoDB: 128 out of 128 rollback segments are active.
2019-11-26  7:45:56 0 [Note] InnoDB: Removed temporary tablespace data file: "ibtmp1"
2019-11-26  7:45:56 0 [Note] InnoDB: Creating shared tablespace for temporary tables
2019-11-26  7:45:56 0 [Note] InnoDB: Setting file 'C:\xampp\mysql\data\ibtmp1' size to 12 MB. Physically writing the file full; Please wait ...
2019-11-26  7:45:56 0 [Note] InnoDB: File 'C:\xampp\mysql\data\ibtmp1' size is now 12 MB.
2019-11-26  7:45:56 0 [Note] InnoDB: Waiting for purge to start
2019-11-26  7:45:56 0 [Note] InnoDB: 10.4.8 started; log sequence number 300315; transaction id 171
2019-11-26  7:45:56 0 [Note] InnoDB: Loading buffer pool(s) from C:\xampp\mysql\data\ib_buffer_pool
2019-11-26  7:45:56 0 [Note] Plugin 'FEEDBACK' is disabled.
2019-11-26  7:45:56 0 [Note] InnoDB: Buffer pool(s) load completed at 191126  7:45:56
2019-11-26  7:45:56 0 [Note] Server socket created on IP: '::'.
2019-11-26  7:45:56 0 [Note] Reading of all Master_info entries succeeded
2019-11-26  7:45:56 0 [Note] Added new Master_info '' to hash table
2019-11-26  7:45:56 0 [Note] mysql\bin\mysqld.exe: ready for connections.
Version: '10.4.8-MariaDB'  socket: ''  port: 3306  mariadb.org binary distribution
InnoDB: using atomic writes.
2019-11-26 20:21:14 0 [Note] InnoDB: Mutexes and rw_locks use Windows interlocked functions
2019-11-26 20:21:14 0 [Note] InnoDB: Uses event mutexes
2019-11-26 20:21:14 0 [Note] InnoDB: Compressed tables use zlib 1.2.11
2019-11-26 20:21:14 0 [Note] InnoDB: Number of pools: 1
2019-11-26 20:21:14 0 [Note] InnoDB: Using SSE2 crc32 instructions
2019-11-26 20:21:14 0 [Note] InnoDB: Initializing buffer pool, total size = 16M, instances = 1, chunk size = 16M
2019-11-26 20:21:14 0 [Note] InnoDB: Completed initialization of buffer pool
2019-11-26 20:21:14 0 [Note] InnoDB: Starting crash recovery from checkpoint LSN=300324
2019-11-26 20:21:14 0 [Note] InnoDB: 128 out of 128 rollback segments are active.
2019-11-26 20:21:14 0 [Note] InnoDB: Removed temporary tablespace data file: "ibtmp1"
2019-11-26 20:21:14 0 [Note] InnoDB: Creating shared tablespace for temporary tables
2019-11-26 20:21:14 0 [Note] InnoDB: Setting file 'C:\xampp\mysql\data\ibtmp1' size to 12 MB. Physically writing the file full; Please wait ...
2019-11-26 20:21:14 0 [Note] InnoDB: File 'C:\xampp\mysql\data\ibtmp1' size is now 12 MB.
2019-11-26 20:21:14 0 [Note] InnoDB: Waiting for purge to start
2019-11-26 20:21:15 0 [Note] InnoDB: 10.4.8 started; log sequence number 300333; transaction id 171
2019-11-26 20:21:15 0 [Note] InnoDB: Loading buffer pool(s) from C:\xampp\mysql\data\ib_buffer_pool
2019-11-26 20:21:15 0 [Note] Plugin 'FEEDBACK' is disabled.
2019-11-26 20:21:15 0 [Note] InnoDB: Buffer pool(s) load completed at 191126 20:21:15
2019-11-26 20:21:15 0 [Note] Server socket created on IP: '::'.
InnoDB: using atomic writes.
2019-11-26 21:20:30 0 [Note] InnoDB: Mutexes and rw_locks use Windows interlocked functions
2019-11-26 21:20:30 0 [Note] InnoDB: Uses event mutexes
2019-11-26 21:20:30 0 [Note] InnoDB: Compressed tables use zlib 1.2.11
2019-11-26 21:20:30 0 [Note] InnoDB: Number of pools: 1
2019-11-26 21:20:30 0 [Note] InnoDB: Using SSE2 crc32 instructions
2019-11-26 21:20:30 0 [Note] InnoDB: Initializing buffer pool, total size = 16M, instances = 1, chunk size = 16M
2019-11-26 21:20:30 0 [Note] InnoDB: Completed initialization of buffer pool
2019-11-26 21:20:30 0 [Note] InnoDB: Starting crash recovery from checkpoint LSN=300342
2019-11-26 21:20:31 0 [Note] InnoDB: 128 out of 128 rollback segments are active.
2019-11-26 21:20:31 0 [Note] InnoDB: Removed temporary tablespace data file: "ibtmp1"
2019-11-26 21:20:31 0 [Note] InnoDB: Creating shared tablespace for temporary tables
2019-11-26 21:20:31 0 [Note] InnoDB: Setting file 'C:\xampp\mysql\data\ibtmp1' size to 12 MB. Physically writing the file full; Please wait ...
2019-11-26 21:20:31 0 [Note] InnoDB: File 'C:\xampp\mysql\data\ibtmp1' size is now 12 MB.
2019-11-26 21:20:31 0 [Note] InnoDB: Waiting for purge to start
2019-11-26 21:20:31 0 [Note] InnoDB: 10.4.8 started; log sequence number 300351; transaction id 171
2019-11-26 21:20:31 0 [Note] InnoDB: Loading buffer pool(s) from C:\xampp\mysql\data\ib_buffer_pool
2019-11-26 21:20:31 0 [Note] Plugin 'FEEDBACK' is disabled.
2019-11-26 21:20:31 0 [Note] InnoDB: Buffer pool(s) load completed at 191126 21:20:31
2019-11-26 21:20:31 0 [Note] Server socket created on IP: '::'.
InnoDB: using atomic writes.
2019-11-27  4:04:35 0 [Note] InnoDB: Mutexes and rw_locks use Windows interlocked functions
2019-11-27  4:04:35 0 [Note] InnoDB: Uses event mutexes
2019-11-27  4:04:36 0 [Note] InnoDB: Compressed tables use zlib 1.2.11
2019-11-27  4:04:36 0 [Note] InnoDB: Number of pools: 1
2019-11-27  4:04:36 0 [Note] InnoDB: Using SSE2 crc32 instructions
2019-11-27  4:04:36 0 [Note] InnoDB: Initializing buffer pool, total size = 16M, instances = 1, chunk size = 16M
2019-11-27  4:04:36 0 [Note] InnoDB: Completed initialization of buffer pool
2019-11-27  4:04:36 0 [Note] InnoDB: Starting crash recovery from checkpoint LSN=300360
2019-11-27  4:04:36 0 [Note] InnoDB: 128 out of 128 rollback segments are active.
2019-11-27  4:04:36 0 [Note] InnoDB: Removed temporary tablespace data file: "ibtmp1"
2019-11-27  4:04:36 0 [Note] InnoDB: Creating shared tablespace for temporary tables
2019-11-27  4:04:36 0 [Note] InnoDB: Setting file 'C:\xampp\mysql\data\ibtmp1' size to 12 MB. Physically writing the file full; Please wait ...
2019-11-27  4:04:36 0 [Note] InnoDB: File 'C:\xampp\mysql\data\ibtmp1' size is now 12 MB.
2019-11-27  4:04:36 0 [Note] InnoDB: Waiting for purge to start
2019-11-27  4:04:36 0 [Note] InnoDB: 10.4.8 started; log sequence number 300369; transaction id 171
2019-11-27  4:04:36 0 [Note] InnoDB: Loading buffer pool(s) from C:\xampp\mysql\data\ib_buffer_pool
2019-11-27  4:04:36 0 [Note] Plugin 'FEEDBACK' is disabled.
2019-11-27  4:04:36 0 [Note] InnoDB: Buffer pool(s) load completed at 191127  4:04:36
2019-11-27  4:04:36 0 [Note] Server socket created on IP: '::'.
InnoDB: using atomic writes.
2019-11-27  4:10:52 0 [Note] InnoDB: Mutexes and rw_locks use Windows interlocked functions
2019-11-27  4:10:52 0 [Note] InnoDB: Uses event mutexes
2019-11-27  4:10:52 0 [Note] InnoDB: Compressed tables use zlib 1.2.11
2019-11-27  4:10:52 0 [Note] InnoDB: Number of pools: 1
2019-11-27  4:10:52 0 [Note] InnoDB: Using SSE2 crc32 instructions
2019-11-27  4:10:52 0 [Note] InnoDB: Initializing buffer pool, total size = 16M, instances = 1, chunk size = 16M
2019-11-27  4:10:52 0 [Note] InnoDB: Completed initialization of buffer pool
2019-11-27  4:10:52 0 [Note] InnoDB: 128 out of 128 rollback segments are active.
2019-11-27  4:10:52 0 [Note] InnoDB: Creating shared tablespace for temporary tables
2019-11-27  4:10:52 0 [Note] InnoDB: Setting file 'C:\xampp\mysql\data\ibtmp1' size to 12 MB. Physically writing the file full; Please wait ...
2019-11-27  4:10:52 0 [Note] InnoDB: File 'C:\xampp\mysql\data\ibtmp1' size is now 12 MB.
2019-11-27  4:10:52 0 [Note] InnoDB: Waiting for purge to start
2019-11-27  4:10:52 0 [Note] InnoDB: 10.4.8 started; log sequence number 300387; transaction id 171
2019-11-27  4:10:52 0 [Note] InnoDB: Loading buffer pool(s) from C:\xampp\mysql\data\ib_buffer_pool
2019-11-27  4:10:52 0 [Note] Plugin 'FEEDBACK' is disabled.
2019-11-27  4:10:52 0 [Note] Server socket created on IP: '::'.
2019-11-27  4:10:52 0 [Note] InnoDB: Buffer pool(s) load completed at 191127  4:10:52
InnoDB: using atomic writes.
2019-11-27  8:32:27 0 [ERROR] InnoDB: The innodb_system data file 'ibdata1' must be writable
2019-11-27  8:32:27 0 [ERROR] InnoDB: The innodb_system data file 'ibdata1' must be writable
2019-11-27  8:32:27 0 [ERROR] Plugin 'InnoDB' init function returned error.
2019-11-27  8:32:27 0 [ERROR] Plugin 'InnoDB' registration as a STORAGE ENGINE failed.
2019-11-27  8:32:27 0 [Note] Plugin 'FEEDBACK' is disabled.
2019-11-27  8:32:27 0 [ERROR] Unknown/unsupported storage engine: InnoDB
2019-11-27  8:32:27 0 [ERROR] Aborting
InnoDB: using atomic writes.
2019-11-27  8:34:53 0 [Note] InnoDB: Mutexes and rw_locks use Windows interlocked functions
2019-11-27  8:34:53 0 [Note] InnoDB: Uses event mutexes
2019-11-27  8:34:53 0 [Note] InnoDB: Compressed tables use zlib 1.2.11
2019-11-27  8:34:53 0 [Note] InnoDB: Number of pools: 1
2019-11-27  8:34:53 0 [Note] InnoDB: Using SSE2 crc32 instructions
2019-11-27  8:34:53 0 [Note] InnoDB: Initializing buffer pool, total size = 16M, instances = 1, chunk size = 16M
2019-11-27  8:34:53 0 [Note] InnoDB: Completed initialization of buffer pool
2019-11-27  8:34:53 0 [Note] InnoDB: Starting crash recovery from checkpoint LSN=300387
2019-11-27  8:34:53 0 [Note] InnoDB: 128 out of 128 rollback segments are active.
2019-11-27  8:34:53 0 [Note] InnoDB: Removed temporary tablespace data file: "ibtmp1"
2019-11-27  8:34:53 0 [Note] InnoDB: Creating shared tablespace for temporary tables
2019-11-27  8:34:53 0 [Note] InnoDB: Setting file 'C:\xampp\mysql\data\ibtmp1' size to 12 MB. Physically writing the file full; Please wait ...
2019-11-27  8:34:53 0 [Note] InnoDB: File 'C:\xampp\mysql\data\ibtmp1' size is now 12 MB.
2019-11-27  8:34:53 0 [Note] InnoDB: Waiting for purge to start
2019-11-27  8:34:53 0 [Note] InnoDB: 10.4.8 started; log sequence number 300396; transaction id 171
2019-11-27  8:34:53 0 [Note] InnoDB: Loading buffer pool(s) from C:\xampp\mysql\data\ib_buffer_pool
2019-11-27  8:34:53 0 [Note] Plugin 'FEEDBACK' is disabled.
2019-11-27  8:34:53 0 [Note] Server socket created on IP: '::'.
2019-11-27  8:34:53 0 [Note] InnoDB: Buffer pool(s) load completed at 191127  8:34:53
InnoDB: using atomic writes.
2019-11-28  7:03:34 0 [Note] InnoDB: Mutexes and rw_locks use Windows interlocked functions
2019-11-28  7:03:34 0 [Note] InnoDB: Uses event mutexes
2019-11-28  7:03:34 0 [Note] InnoDB: Compressed tables use zlib 1.2.11
2019-11-28  7:03:34 0 [Note] InnoDB: Number of pools: 1
2019-11-28  7:03:34 0 [Note] InnoDB: Using SSE2 crc32 instructions
2019-11-28  7:03:34 0 [Note] InnoDB: Initializing buffer pool, total size = 16M, instances = 1, chunk size = 16M
2019-11-28  7:03:34 0 [Note] InnoDB: Completed initialization of buffer pool
2019-11-28  7:03:34 0 [Note] InnoDB: Starting crash recovery from checkpoint LSN=317047
2019-11-28  7:03:34 0 [Note] InnoDB: 128 out of 128 rollback segments are active.
2019-11-28  7:03:34 0 [Note] InnoDB: Removed temporary tablespace data file: "ibtmp1"
2019-11-28  7:03:34 0 [Note] InnoDB: Creating shared tablespace for temporary tables
2019-11-28  7:03:34 0 [Note] InnoDB: Setting file 'C:\xampp\mysql\data\ibtmp1' size to 12 MB. Physically writing the file full; Please wait ...
2019-11-28  7:03:34 0 [Note] InnoDB: File 'C:\xampp\mysql\data\ibtmp1' size is now 12 MB.
2019-11-28  7:03:34 0 [Note] InnoDB: Waiting for purge to start
2019-11-28  7:03:34 0 [Note] InnoDB: 10.4.8 started; log sequence number 317056; transaction id 214
2019-11-28  7:03:34 0 [Note] InnoDB: Loading buffer pool(s) from C:\xampp\mysql\data\ib_buffer_pool
2019-11-28  7:03:34 0 [Note] Plugin 'FEEDBACK' is disabled.
2019-11-28  7:03:34 0 [Note] InnoDB: Buffer pool(s) load completed at 191128  7:03:34
2019-11-28  7:03:34 0 [Note] Server socket created on IP: '::'.
InnoDB: using atomic writes.
2019-12-03  3:37:07 0 [Note] InnoDB: Mutexes and rw_locks use Windows interlocked functions
2019-12-03  3:37:07 0 [Note] InnoDB: Uses event mutexes
2019-12-03  3:37:07 0 [Note] InnoDB: Compressed tables use zlib 1.2.11
2019-12-03  3:37:07 0 [Note] InnoDB: Number of pools: 1
2019-12-03  3:37:07 0 [Note] InnoDB: Using SSE2 crc32 instructions
2019-12-03  3:37:07 0 [Note] InnoDB: Initializing buffer pool, total size = 16M, instances = 1, chunk size = 16M
2019-12-03  3:37:07 0 [Note] InnoDB: Completed initialization of buffer pool
2019-12-03  3:37:07 0 [Note] InnoDB: Starting crash recovery from checkpoint LSN=340402
2019-12-03  3:37:07 0 [Note] InnoDB: 128 out of 128 rollback segments are active.
2019-12-03  3:37:07 0 [Note] InnoDB: Removed temporary tablespace data file: "ibtmp1"
2019-12-03  3:37:07 0 [Note] InnoDB: Creating shared tablespace for temporary tables
2019-12-03  3:37:07 0 [Note] InnoDB: Setting file 'C:\xampp\mysql\data\ibtmp1' size to 12 MB. Physically writing the file full; Please wait ...
2019-12-03  3:37:07 0 [Note] InnoDB: File 'C:\xampp\mysql\data\ibtmp1' size is now 12 MB.
2019-12-03  3:37:07 0 [Note] InnoDB: Waiting for purge to start
2019-12-03  3:37:07 0 [Note] InnoDB: 10.4.8 started; log sequence number 340411; transaction id 285
2019-12-03  3:37:07 0 [Note] InnoDB: Loading buffer pool(s) from C:\xampp\mysql\data\ib_buffer_pool
2019-12-03  3:37:07 0 [Note] Plugin 'FEEDBACK' is disabled.
2019-12-03  3:37:07 0 [Note] InnoDB: Buffer pool(s) load completed at 191203  3:37:07
2019-12-03  3:37:07 0 [Note] Server socket created on IP: '::'.
2019-12-03  3:37:08 0 [Note] Reading of all Master_info entries succeeded
2019-12-03  3:37:08 0 [Note] Added new Master_info '' to hash table
2019-12-03  3:37:08 0 [Note] mysql\bin\mysqld.exe: ready for connections.
Version: '10.4.8-MariaDB'  socket: ''  port: 3306  mariadb.org binary distribution
InnoDB: using atomic writes.
2019-12-03  9:47:37 0 [Note] InnoDB: Mutexes and rw_locks use Windows interlocked functions
2019-12-03  9:47:37 0 [Note] InnoDB: Uses event mutexes
2019-12-03  9:47:37 0 [Note] InnoDB: Compressed tables use zlib 1.2.11
2019-12-03  9:47:37 0 [Note] InnoDB: Number of pools: 1
2019-12-03  9:47:37 0 [Note] InnoDB: Using SSE2 crc32 instructions
2019-12-03  9:47:37 0 [Note] InnoDB: Initializing buffer pool, total size = 16M, instances = 1, chunk size = 16M
2019-12-03  9:47:37 0 [Note] InnoDB: Completed initialization of buffer pool
2019-12-03  9:47:37 0 [Note] InnoDB: Starting crash recovery from checkpoint LSN=504417
2019-12-03  9:47:38 0 [Note] InnoDB: 128 out of 128 rollback segments are active.
2019-12-03  9:47:38 0 [Note] InnoDB: Removed temporary tablespace data file: "ibtmp1"
2019-12-03  9:47:38 0 [Note] InnoDB: Creating shared tablespace for temporary tables
2019-12-03  9:47:38 0 [Note] InnoDB: Setting file 'C:\xampp\mysql\data\ibtmp1' size to 12 MB. Physically writing the file full; Please wait ...
2019-12-03  9:47:38 0 [Note] InnoDB: File 'C:\xampp\mysql\data\ibtmp1' size is now 12 MB.
2019-12-03  9:47:38 0 [Note] InnoDB: Waiting for purge to start
2019-12-03  9:47:38 0 [Note] InnoDB: 10.4.8 started; log sequence number 504426; transaction id 634
2019-12-03  9:47:38 0 [Note] InnoDB: Loading buffer pool(s) from C:\xampp\mysql\data\ib_buffer_pool
2019-12-03  9:47:38 0 [Note] Plugin 'FEEDBACK' is disabled.
2019-12-03  9:47:38 0 [Note] InnoDB: Buffer pool(s) load completed at 191203  9:47:38
2019-12-03  9:47:38 0 [Note] Server socket created on IP: '::'.
InnoDB: using atomic writes.
2019-12-04  4:58:54 0 [Note] InnoDB: Mutexes and rw_locks use Windows interlocked functions
2019-12-04  4:58:54 0 [Note] InnoDB: Uses event mutexes
2019-12-04  4:58:54 0 [Note] InnoDB: Compressed tables use zlib 1.2.11
2019-12-04  4:58:54 0 [Note] InnoDB: Number of pools: 1
2019-12-04  4:58:54 0 [Note] InnoDB: Using SSE2 crc32 instructions
2019-12-04  4:58:54 0 [Note] InnoDB: Initializing buffer pool, total size = 16M, instances = 1, chunk size = 16M
2019-12-04  4:58:54 0 [Note] InnoDB: Completed initialization of buffer pool
2019-12-04  4:58:54 0 [Note] InnoDB: Starting crash recovery from checkpoint LSN=504488
2019-12-04  4:58:55 0 [Note] InnoDB: 128 out of 128 rollback segments are active.
2019-12-04  4:58:55 0 [Note] InnoDB: Removed temporary tablespace data file: "ibtmp1"
2019-12-04  4:58:55 0 [Note] InnoDB: Creating shared tablespace for temporary tables
2019-12-04  4:58:55 0 [Note] InnoDB: Setting file 'C:\xampp\mysql\data\ibtmp1' size to 12 MB. Physically writing the file full; Please wait ...
2019-12-04  4:58:55 0 [Note] InnoDB: File 'C:\xampp\mysql\data\ibtmp1' size is now 12 MB.
2019-12-04  4:58:55 0 [Note] InnoDB: Waiting for purge to start
2019-12-04  4:58:55 0 [Note] InnoDB: 10.4.8 started; log sequence number 504497; transaction id 634
2019-12-04  4:58:55 0 [Note] InnoDB: Loading buffer pool(s) from C:\xampp\mysql\data\ib_buffer_pool
2019-12-04  4:58:55 0 [Note] Plugin 'FEEDBACK' is disabled.
2019-12-04  4:58:55 0 [Note] InnoDB: Buffer pool(s) load completed at 191204  4:58:55
2019-12-04  4:58:55 0 [Note] Server socket created on IP: '::'.
InnoDB: using atomic writes.
2019-12-05  8:46:23 0 [Note] InnoDB: Mutexes and rw_locks use Windows interlocked functions
2019-12-05  8:46:23 0 [Note] InnoDB: Uses event mutexes
2019-12-05  8:46:23 0 [Note] InnoDB: Compressed tables use zlib 1.2.11
2019-12-05  8:46:23 0 [Note] InnoDB: Number of pools: 1
2019-12-05  8:46:23 0 [Note] InnoDB: Using SSE2 crc32 instructions
2019-12-05  8:46:23 0 [Note] InnoDB: Initializing buffer pool, total size = 16M, instances = 1, chunk size = 16M
2019-12-05  8:46:23 0 [Note] InnoDB: Completed initialization of buffer pool
2019-12-05  8:46:23 0 [Note] InnoDB: Starting crash recovery from checkpoint LSN=809297
2019-12-05  8:46:24 0 [Note] InnoDB: 128 out of 128 rollback segments are active.
2019-12-05  8:46:24 0 [Note] InnoDB: Removed temporary tablespace data file: "ibtmp1"
2019-12-05  8:46:24 0 [Note] InnoDB: Creating shared tablespace for temporary tables
2019-12-05  8:46:24 0 [Note] InnoDB: Setting file 'C:\xampp\mysql\data\ibtmp1' size to 12 MB. Physically writing the file full; Please wait ...
2019-12-05  8:46:24 0 [Note] InnoDB: File 'C:\xampp\mysql\data\ibtmp1' size is now 12 MB.
2019-12-05  8:46:24 0 [Note] InnoDB: Waiting for purge to start
2019-12-05  8:46:24 0 [Note] InnoDB: 10.4.8 started; log sequence number 809306; transaction id 867
2019-12-05  8:46:24 0 [Note] Plugin 'FEEDBACK' is disabled.
2019-12-05  8:46:24 0 [Note] InnoDB: Loading buffer pool(s) from C:\xampp\mysql\data\ib_buffer_pool
2019-12-05  8:46:24 0 [Note] InnoDB: Buffer pool(s) load completed at 191205  8:46:24
2019-12-05  8:46:24 0 [Note] Server socket created on IP: '::'.
InnoDB: using atomic writes.
2019-12-06  6:31:22 0 [Note] InnoDB: Mutexes and rw_locks use Windows interlocked functions
2019-12-06  6:31:22 0 [Note] InnoDB: Uses event mutexes
2019-12-06  6:31:22 0 [Note] InnoDB: Compressed tables use zlib 1.2.11
2019-12-06  6:31:22 0 [Note] InnoDB: Number of pools: 1
2019-12-06  6:31:22 0 [Note] InnoDB: Using SSE2 crc32 instructions
2019-12-06  6:31:22 0 [Note] InnoDB: Initializing buffer pool, total size = 16M, instances = 1, chunk size = 16M
2019-12-06  6:31:22 0 [Note] InnoDB: Completed initialization of buffer pool
2019-12-06  6:31:22 0 [Note] InnoDB: Starting crash recovery from checkpoint LSN=809315
2019-12-06  6:31:23 0 [Note] InnoDB: 128 out of 128 rollback segments are active.
2019-12-06  6:31:23 0 [Note] InnoDB: Removed temporary tablespace data file: "ibtmp1"
2019-12-06  6:31:23 0 [Note] InnoDB: Creating shared tablespace for temporary tables
2019-12-06  6:31:23 0 [Note] InnoDB: Setting file 'C:\xampp\mysql\data\ibtmp1' size to 12 MB. Physically writing the file full; Please wait ...
2019-12-06  6:31:23 0 [Note] InnoDB: File 'C:\xampp\mysql\data\ibtmp1' size is now 12 MB.
2019-12-06  6:31:23 0 [Note] InnoDB: Waiting for purge to start
2019-12-06  6:31:23 0 [Note] InnoDB: 10.4.8 started; log sequence number 809324; transaction id 867
2019-12-06  6:31:23 0 [Note] InnoDB: Loading buffer pool(s) from C:\xampp\mysql\data\ib_buffer_pool
2019-12-06  6:31:23 0 [Note] Plugin 'FEEDBACK' is disabled.
2019-12-06  6:31:23 0 [Note] InnoDB: Buffer pool(s) load completed at 191206  6:31:23
2019-12-06  6:31:23 0 [Note] Server socket created on IP: '::'.
2019-12-06  6:31:23 0 [Note] Reading of all Master_info entries succeeded
2019-12-06  6:31:23 0 [Note] Added new Master_info '' to hash table
2019-12-06  6:31:23 0 [Note] mysql\bin\mysqld.exe: ready for connections.
Version: '10.4.8-MariaDB'  socket: ''  port: 3306  mariadb.org binary distribution
InnoDB: using atomic writes.
2019-12-06  6:31:46 0 [Note] InnoDB: Mutexes and rw_locks use Windows interlocked functions
2019-12-06  6:31:46 0 [Note] InnoDB: Uses event mutexes
2019-12-06  6:31:46 0 [Note] InnoDB: Compressed tables use zlib 1.2.11
2019-12-06  6:31:46 0 [Note] InnoDB: Number of pools: 1
2019-12-06  6:31:46 0 [Note] InnoDB: Using SSE2 crc32 instructions
2019-12-06  6:31:46 0 [Note] InnoDB: Initializing buffer pool, total size = 16M, instances = 1, chunk size = 16M
2019-12-06  6:31:46 0 [Note] InnoDB: Completed initialization of buffer pool
2019-12-06  6:31:46 0 [Note] InnoDB: Starting crash recovery from checkpoint LSN=809333
2019-12-06  6:31:46 0 [Note] InnoDB: 128 out of 128 rollback segments are active.
2019-12-06  6:31:46 0 [Note] InnoDB: Removed temporary tablespace data file: "ibtmp1"
2019-12-06  6:31:46 0 [Note] InnoDB: Creating shared tablespace for temporary tables
2019-12-06  6:31:46 0 [Note] InnoDB: Setting file 'C:\xampp\mysql\data\ibtmp1' size to 12 MB. Physically writing the file full; Please wait ...
2019-12-06  6:31:46 0 [Note] InnoDB: File 'C:\xampp\mysql\data\ibtmp1' size is now 12 MB.
2019-12-06  6:31:46 0 [Note] InnoDB: Waiting for purge to start
2019-12-06  6:31:47 0 [Note] InnoDB: 10.4.8 started; log sequence number 809342; transaction id 867
2019-12-06  6:31:47 0 [Note] InnoDB: Loading buffer pool(s) from C:\xampp\mysql\data\ib_buffer_pool
2019-12-06  6:31:47 0 [Note] Plugin 'FEEDBACK' is disabled.
2019-12-06  6:31:47 0 [Note] Server socket created on IP: '::'.
2019-12-06  6:31:47 0 [Note] InnoDB: Buffer pool(s) load completed at 191206  6:31:47
InnoDB: using atomic writes.
2019-12-06  6:42:09 0 [Note] InnoDB: Mutexes and rw_locks use Windows interlocked functions
2019-12-06  6:42:09 0 [Note] InnoDB: Uses event mutexes
2019-12-06  6:42:09 0 [Note] InnoDB: Compressed tables use zlib 1.2.11
2019-12-06  6:42:09 0 [Note] InnoDB: Number of pools: 1
2019-12-06  6:42:09 0 [Note] InnoDB: Using SSE2 crc32 instructions
2019-12-06  6:42:09 0 [Note] InnoDB: Initializing buffer pool, total size = 16M, instances = 1, chunk size = 16M
2019-12-06  6:42:09 0 [Note] InnoDB: Completed initialization of buffer pool
2019-12-06  6:42:09 0 [Note] InnoDB: Starting crash recovery from checkpoint LSN=817167
2019-12-06  6:42:10 0 [Note] InnoDB: 128 out of 128 rollback segments are active.
2019-12-06  6:42:10 0 [Note] InnoDB: Removed temporary tablespace data file: "ibtmp1"
2019-12-06  6:42:10 0 [Note] InnoDB: Creating shared tablespace for temporary tables
2019-12-06  6:42:10 0 [Note] InnoDB: Setting file 'C:\xampp\mysql\data\ibtmp1' size to 12 MB. Physically writing the file full; Please wait ...
2019-12-06  6:42:10 0 [Note] InnoDB: File 'C:\xampp\mysql\data\ibtmp1' size is now 12 MB.
2019-12-06  6:42:10 0 [Note] InnoDB: Waiting for purge to start
2019-12-06  6:42:10 0 [Note] InnoDB: 10.4.8 started; log sequence number 817176; transaction id 930
2019-12-06  6:42:10 0 [Note] InnoDB: Loading buffer pool(s) from C:\xampp\mysql\data\ib_buffer_pool
2019-12-06  6:42:10 0 [Note] Plugin 'FEEDBACK' is disabled.
2019-12-06  6:42:10 0 [Note] Server socket created on IP: '::'.
2019-12-06  6:42:10 0 [Note] InnoDB: Buffer pool(s) load completed at 191206  6:42:10
InnoDB: using atomic writes.
2019-12-06 10:25:04 0 [Note] InnoDB: Mutexes and rw_locks use Windows interlocked functions
2019-12-06 10:25:04 0 [Note] InnoDB: Uses event mutexes
2019-12-06 10:25:04 0 [Note] InnoDB: Compressed tables use zlib 1.2.11
2019-12-06 10:25:04 0 [Note] InnoDB: Number of pools: 1
2019-12-06 10:25:04 0 [Note] InnoDB: Using SSE2 crc32 instructions
2019-12-06 10:25:04 0 [Note] InnoDB: Initializing buffer pool, total size = 16M, instances = 1, chunk size = 16M
2019-12-06 10:25:04 0 [Note] InnoDB: Completed initialization of buffer pool
2019-12-06 10:25:04 0 [Note] InnoDB: Starting crash recovery from checkpoint LSN=826015
2019-12-06 10:25:05 0 [Note] InnoDB: 128 out of 128 rollback segments are active.
2019-12-06 10:25:05 0 [Note] InnoDB: Removed temporary tablespace data file: "ibtmp1"
2019-12-06 10:25:05 0 [Note] InnoDB: Creating shared tablespace for temporary tables
2019-12-06 10:25:05 0 [Note] InnoDB: Setting file 'C:\xampp\mysql\data\ibtmp1' size to 12 MB. Physically writing the file full; Please wait ...
2019-12-06 10:25:05 0 [Note] InnoDB: File 'C:\xampp\mysql\data\ibtmp1' size is now 12 MB.
2019-12-06 10:25:05 0 [Note] InnoDB: Waiting for purge to start
2019-12-06 10:25:05 0 [Note] InnoDB: 10.4.8 started; log sequence number 826024; transaction id 980
2019-12-06 10:25:05 0 [Note] InnoDB: Loading buffer pool(s) from C:\xampp\mysql\data\ib_buffer_pool
2019-12-06 10:25:05 0 [Note] Plugin 'FEEDBACK' is disabled.
2019-12-06 10:25:05 0 [Note] InnoDB: Buffer pool(s) load completed at 191206 10:25:05
2019-12-06 10:25:05 0 [Note] Server socket created on IP: '::'.
InnoDB: using atomic writes.
2019-12-06 11:31:09 0 [Note] InnoDB: Mutexes and rw_locks use Windows interlocked functions
2019-12-06 11:31:09 0 [Note] InnoDB: Uses event mutexes
2019-12-06 11:31:09 0 [Note] InnoDB: Compressed tables use zlib 1.2.11
2019-12-06 11:31:09 0 [Note] InnoDB: Number of pools: 1
2019-12-06 11:31:09 0 [Note] InnoDB: Using SSE2 crc32 instructions
2019-12-06 11:31:09 0 [Note] InnoDB: Initializing buffer pool, total size = 16M, instances = 1, chunk size = 16M
2019-12-06 11:31:09 0 [Note] InnoDB: Completed initialization of buffer pool
2019-12-06 11:31:09 0 [Note] InnoDB: Starting crash recovery from checkpoint LSN=826033
2019-12-06 11:31:10 0 [Note] InnoDB: 128 out of 128 rollback segments are active.
2019-12-06 11:31:10 0 [Note] InnoDB: Removed temporary tablespace data file: "ibtmp1"
2019-12-06 11:31:10 0 [Note] InnoDB: Creating shared tablespace for temporary tables
2019-12-06 11:31:10 0 [Note] InnoDB: Setting file 'C:\xampp\mysql\data\ibtmp1' size to 12 MB. Physically writing the file full; Please wait ...
2019-12-06 11:31:10 0 [Note] InnoDB: File 'C:\xampp\mysql\data\ibtmp1' size is now 12 MB.
2019-12-06 11:31:10 0 [Note] InnoDB: Waiting for purge to start
2019-12-06 11:31:10 0 [Note] InnoDB: 10.4.8 started; log sequence number 826042; transaction id 980
2019-12-06 11:31:10 0 [Note] InnoDB: Loading buffer pool(s) from C:\xampp\mysql\data\ib_buffer_pool
2019-12-06 11:31:10 0 [Note] Plugin 'FEEDBACK' is disabled.
2019-12-06 11:31:10 0 [Note] InnoDB: Buffer pool(s) load completed at 191206 11:31:10
2019-12-06 11:31:10 0 [Note] Server socket created on IP: '::'.
InnoDB: using atomic writes.
2019-12-07  7:16:36 0 [Note] InnoDB: Mutexes and rw_locks use Windows interlocked functions
2019-12-07  7:16:36 0 [Note] InnoDB: Uses event mutexes
2019-12-07  7:16:36 0 [Note] InnoDB: Compressed tables use zlib 1.2.11
2019-12-07  7:16:36 0 [Note] InnoDB: Number of pools: 1
2019-12-07  7:16:36 0 [Note] InnoDB: Using SSE2 crc32 instructions
2019-12-07  7:16:36 0 [Note] InnoDB: Initializing buffer pool, total size = 16M, instances = 1, chunk size = 16M
2019-12-07  7:16:36 0 [Note] InnoDB: Completed initialization of buffer pool
2019-12-07  7:16:36 0 [Note] InnoDB: Starting crash recovery from checkpoint LSN=959026
2019-12-07  7:16:36 0 [Note] InnoDB: 128 out of 128 rollback segments are active.
2019-12-07  7:16:36 0 [Note] InnoDB: Removed temporary tablespace data file: "ibtmp1"
2019-12-07  7:16:36 0 [Note] InnoDB: Creating shared tablespace for temporary tables
2019-12-07  7:16:36 0 [Note] InnoDB: Setting file 'C:\xampp\mysql\data\ibtmp1' size to 12 MB. Physically writing the file full; Please wait ...
2019-12-07  7:16:36 0 [Note] InnoDB: File 'C:\xampp\mysql\data\ibtmp1' size is now 12 MB.
2019-12-07  7:16:36 0 [Note] InnoDB: Waiting for purge to start
2019-12-07  7:16:36 0 [Note] InnoDB: 10.4.8 started; log sequence number 959035; transaction id 1222
2019-12-07  7:16:36 0 [Note] InnoDB: Loading buffer pool(s) from C:\xampp\mysql\data\ib_buffer_pool
2019-12-07  7:16:36 0 [Note] Plugin 'FEEDBACK' is disabled.
2019-12-07  7:16:36 0 [Note] InnoDB: Buffer pool(s) load completed at 191207  7:16:36
2019-12-07  7:16:36 0 [Note] Server socket created on IP: '::'.
InnoDB: using atomic writes.
2019-12-08  6:59:58 0 [Note] InnoDB: Mutexes and rw_locks use Windows interlocked functions
2019-12-08  6:59:58 0 [Note] InnoDB: Uses event mutexes
2019-12-08  6:59:58 0 [Note] InnoDB: Compressed tables use zlib 1.2.11
2019-12-08  6:59:58 0 [Note] InnoDB: Number of pools: 1
2019-12-08  6:59:58 0 [Note] InnoDB: Using SSE2 crc32 instructions
2019-12-08  6:59:58 0 [Note] InnoDB: Initializing buffer pool, total size = 16M, instances = 1, chunk size = 16M
2019-12-08  6:59:58 0 [Note] InnoDB: Completed initialization of buffer pool
2019-12-08  6:59:58 0 [Note] InnoDB: Starting crash recovery from checkpoint LSN=1068795
2019-12-08  6:59:59 0 [Note] InnoDB: 128 out of 128 rollback segments are active.
2019-12-08  6:59:59 0 [Note] InnoDB: Removed temporary tablespace data file: "ibtmp1"
2019-12-08  6:59:59 0 [Note] InnoDB: Creating shared tablespace for temporary tables
2019-12-08  6:59:59 0 [Note] InnoDB: Setting file 'C:\xampp\mysql\data\ibtmp1' size to 12 MB. Physically writing the file full; Please wait ...
2019-12-08  6:59:59 0 [Note] InnoDB: File 'C:\xampp\mysql\data\ibtmp1' size is now 12 MB.
2019-12-08  6:59:59 0 [Note] InnoDB: Waiting for purge to start
2019-12-08  6:59:59 0 [Note] InnoDB: 10.4.8 started; log sequence number 1068804; transaction id 1422
2019-12-08  6:59:59 0 [Note] InnoDB: Loading buffer pool(s) from C:\xampp\mysql\data\ib_buffer_pool
2019-12-08  6:59:59 0 [Note] Plugin 'FEEDBACK' is disabled.
2019-12-08  6:59:59 0 [Note] InnoDB: Buffer pool(s) load completed at 191208  6:59:59
2019-12-08  6:59:59 0 [Note] Server socket created on IP: '::'.
